This file contains any messages produced by compilers while
running configure, to aid debugging if configure makes a mistake.

It was created by LibHTP configure 0.5.23, which was
generated by GNU Autoconf 2.69.  Invocation command line was

  $ ./configure --disable-option-checking --prefix=/usr/local --with-libdpdk-includes=/root/work/wlan/dpdk/x86_64-native-linuxapp-gcc/include/ --with-libdpdk-libraries=/lib64/ --cache-file=/dev/null --srcdir=.

## --------- ##
## Platform. ##
## --------- ##

hostname = vmware
uname -m = x86_64
uname -r = 3.10.0-123.el7.x86_64
uname -s = Linux
uname -v = #1 SMP Mon Jun 30 12:09:22 UTC 2014

/usr/bin/uname -p = x86_64
/bin/uname -X     = unknown

/bin/arch              = x86_64
/usr/bin/arch -k       = unknown
/usr/convex/getsysinfo = unknown
/usr/bin/hostinfo      = unknown
/bin/machine           = unknown
/usr/bin/oslevel       = unknown
/bin/universe          = unknown

PATH: /usr/local/games/.hs/bin/
PATH: /usr/local/games/.hs/bin/
PATH: /usr/local/games/.hs/bin/
PATH: /usr/local/games/.hs/bin/
PATH: /usr/local/games/.hs/bin/
PATH: /usr/lib64/qt-3.3/bin
PATH: /usr/local/sbin
PATH: /usr/local/bin
PATH: /usr/sbin
PATH: /usr/bin
PATH: /root/bin
PATH: /root/bin
PATH: /root/bin
PATH: /root/bin
PATH: /root/bin
PATH: /root/bin


## ----------- ##
## Core tests. ##
## ----------- ##

configure:2422: checking for a BSD-compatible install
configure:2490: result: /usr/bin/install -c
configure:2501: checking whether build environment is sane
configure:2556: result: yes
configure:2707: checking for a thread-safe mkdir -p
configure:2746: result: /usr/bin/mkdir -p
configure:2753: checking for gawk
configure:2769: found /usr/bin/gawk
configure:2780: result: gawk
configure:2791: checking whether make sets $(MAKE)
configure:2813: result: yes
configure:2842: checking whether make supports nested variables
configure:2859: result: yes
configure:3106: checking for gcc
configure:3122: found /usr/bin/gcc
configure:3133: result: gcc
configure:3362: checking for C compiler version
configure:3371: gcc --version >&5
gcc (GCC) 4.8.5 20150623 (Red Hat 4.8.5-11)
Copyright (C) 2015 Free Software Foundation, Inc.
This is free software; see the source for copying conditions.  There is NO
warranty; not even for MERCHANTABILITY or FITNESS FOR A PARTICULAR PURPOSE.

configure:3382: $? = 0
configure:3371: gcc -v >&5
Using built-in specs.
COLLECT_GCC=gcc
COLLECT_LTO_WRAPPER=/usr/libexec/gcc/x86_64-redhat-linux/4.8.5/lto-wrapper
Target: x86_64-redhat-linux
Configured with: ../configure --prefix=/usr --mandir=/usr/share/man --infodir=/usr/share/info --with-bugurl=http://bugzilla.redhat.com/bugzilla --enable-bootstrap --enable-shared --enable-threads=posix --enable-checking=release --with-system-zlib --enable-__cxa_atexit --disable-libunwind-exceptions --enable-gnu-unique-object --enable-linker-build-id --with-linker-hash-style=gnu --enable-languages=c,c++,objc,obj-c++,java,fortran,ada,go,lto --enable-plugin --enable-initfini-array --disable-libgcj --with-isl=/builddir/build/BUILD/gcc-4.8.5-20150702/obj-x86_64-redhat-linux/isl-install --with-cloog=/builddir/build/BUILD/gcc-4.8.5-20150702/obj-x86_64-redhat-linux/cloog-install --enable-gnu-indirect-function --with-tune=generic --with-arch_32=x86-64 --build=x86_64-redhat-linux
Thread model: posix
gcc version 4.8.5 20150623 (Red Hat 4.8.5-11) (GCC) 
configure:3382: $? = 0
configure:3371: gcc -V >&5
gcc: error: unrecognized command line option '-V'
gcc: fatal error: no input files
compilation terminated.
configure:3382: $? = 4
configure:3371: gcc -qversion >&5
gcc: error: unrecognized command line option '-qversion'
gcc: fatal error: no input files
compilation terminated.
configure:3382: $? = 4
configure:3402: checking whether the C compiler works
configure:3424: gcc  -O2  -O2  conftest.c  >&5
configure:3428: $? = 0
configure:3476: result: yes
configure:3479: checking for C compiler default output file name
configure:3481: result: a.out
configure:3487: checking for suffix of executables
configure:3494: gcc -o conftest  -O2  -O2  conftest.c  >&5
configure:3498: $? = 0
configure:3520: result: 
configure:3542: checking whether we are cross compiling
configure:3550: gcc -o conftest  -O2  -O2  conftest.c  >&5
configure:3554: $? = 0
configure:3561: ./conftest
configure:3565: $? = 0
configure:3580: result: no
configure:3585: checking for suffix of object files
configure:3607: gcc -c  -O2  -O2 conftest.c >&5
configure:3611: $? = 0
configure:3632: result: o
configure:3636: checking whether we are using the GNU C compiler
configure:3655: gcc -c  -O2  -O2 conftest.c >&5
configure:3655: $? = 0
configure:3664: result: yes
configure:3673: checking whether gcc accepts -g
configure:3693: gcc -c -g  -O2 conftest.c >&5
configure:3693: $? = 0
configure:3734: result: yes
configure:3751: checking for gcc option to accept ISO C89
configure:3814: gcc  -c  -O2  -O2 conftest.c >&5
configure:3814: $? = 0
configure:3827: result: none needed
configure:3852: checking whether gcc understands -c and -o together
configure:3874: gcc -c conftest.c -o conftest2.o
configure:3877: $? = 0
configure:3874: gcc -c conftest.c -o conftest2.o
configure:3877: $? = 0
configure:3889: result: yes
configure:3917: checking for style of include used by make
configure:3945: result: GNU
configure:3971: checking dependency style of gcc
configure:4082: result: gcc3
configure:4156: checking for g++
configure:4172: found /usr/bin/g++
configure:4183: result: g++
configure:4210: checking for C++ compiler version
configure:4219: g++ --version >&5
g++ (GCC) 4.8.5 20150623 (Red Hat 4.8.5-11)
Copyright (C) 2015 Free Software Foundation, Inc.
This is free software; see the source for copying conditions.  There is NO
warranty; not even for MERCHANTABILITY or FITNESS FOR A PARTICULAR PURPOSE.

configure:4230: $? = 0
configure:4219: g++ -v >&5
Using built-in specs.
COLLECT_GCC=g++
COLLECT_LTO_WRAPPER=/usr/libexec/gcc/x86_64-redhat-linux/4.8.5/lto-wrapper
Target: x86_64-redhat-linux
Configured with: ../configure --prefix=/usr --mandir=/usr/share/man --infodir=/usr/share/info --with-bugurl=http://bugzilla.redhat.com/bugzilla --enable-bootstrap --enable-shared --enable-threads=posix --enable-checking=release --with-system-zlib --enable-__cxa_atexit --disable-libunwind-exceptions --enable-gnu-unique-object --enable-linker-build-id --with-linker-hash-style=gnu --enable-languages=c,c++,objc,obj-c++,java,fortran,ada,go,lto --enable-plugin --enable-initfini-array --disable-libgcj --with-isl=/builddir/build/BUILD/gcc-4.8.5-20150702/obj-x86_64-redhat-linux/isl-install --with-cloog=/builddir/build/BUILD/gcc-4.8.5-20150702/obj-x86_64-redhat-linux/cloog-install --enable-gnu-indirect-function --with-tune=generic --with-arch_32=x86-64 --build=x86_64-redhat-linux
Thread model: posix
gcc version 4.8.5 20150623 (Red Hat 4.8.5-11) (GCC) 
configure:4230: $? = 0
configure:4219: g++ -V >&5
g++: error: unrecognized command line option '-V'
g++: fatal error: no input files
compilation terminated.
configure:4230: $? = 4
configure:4219: g++ -qversion >&5
g++: error: unrecognized command line option '-qversion'
g++: fatal error: no input files
compilation terminated.
configure:4230: $? = 4
configure:4234: checking whether we are using the GNU C++ compiler
configure:4253: g++ -c   -O2 conftest.cpp >&5
configure:4253: $? = 0
configure:4262: result: yes
configure:4271: checking whether g++ accepts -g
configure:4291: g++ -c -g  -O2 conftest.cpp >&5
configure:4291: $? = 0
configure:4332: result: yes
configure:4357: checking dependency style of g++
configure:4468: result: gcc3
configure:4512: checking build system type
configure:4526: result: x86_64-pc-linux-gnu
configure:4546: checking host system type
configure:4559: result: x86_64-pc-linux-gnu
configure:4600: checking how to print strings
configure:4627: result: printf
configure:4648: checking for a sed that does not truncate output
configure:4712: result: /usr/bin/sed
configure:4730: checking for grep that handles long lines and -e
configure:4788: result: /usr/bin/grep
configure:4793: checking for egrep
configure:4855: result: /usr/bin/grep -E
configure:4860: checking for fgrep
configure:4922: result: /usr/bin/grep -F
configure:4957: checking for ld used by gcc
configure:5024: result: /usr/bin/ld
configure:5031: checking if the linker (/usr/bin/ld) is GNU ld
configure:5046: result: yes
configure:5058: checking for BSD- or MS-compatible name lister (nm)
configure:5112: result: /usr/bin/nm -B
configure:5242: checking the name lister (/usr/bin/nm -B) interface
configure:5249: gcc -c  -O2  -O2 conftest.c >&5
configure:5252: /usr/bin/nm -B "conftest.o"
configure:5255: output
0000000000000000 B some_variable
configure:5262: result: BSD nm
configure:5265: checking whether ln -s works
configure:5269: result: yes
configure:5277: checking the maximum length of command line arguments
configure:5408: result: 1572864
configure:5456: checking how to convert x86_64-pc-linux-gnu file names to x86_64-pc-linux-gnu format
configure:5496: result: func_convert_file_noop
configure:5503: checking how to convert x86_64-pc-linux-gnu file names to toolchain format
configure:5523: result: func_convert_file_noop
configure:5530: checking for /usr/bin/ld option to reload object files
configure:5537: result: -r
configure:5611: checking for objdump
configure:5627: found /usr/bin/objdump
configure:5638: result: objdump
configure:5670: checking how to recognize dependent libraries
configure:5870: result: pass_all
configure:5955: checking for dlltool
configure:5985: result: no
configure:6015: checking how to associate runtime and link libraries
configure:6042: result: printf %s\n
configure:6103: checking for ar
configure:6119: found /usr/bin/ar
configure:6130: result: ar
configure:6167: checking for archiver @FILE support
configure:6184: gcc -c  -O2  -O2 conftest.c >&5
configure:6184: $? = 0
configure:6187: ar cru libconftest.a @conftest.lst >&5
configure:6190: $? = 0
configure:6195: ar cru libconftest.a @conftest.lst >&5
ar: conftest.o: No such file or directory
configure:6198: $? = 1
configure:6210: result: @
configure:6268: checking for strip
configure:6284: found /usr/bin/strip
configure:6295: result: strip
configure:6367: checking for ranlib
configure:6383: found /usr/bin/ranlib
configure:6394: result: ranlib
configure:6496: checking command to parse /usr/bin/nm -B output from gcc object
configure:6649: gcc -c  -O2  -O2 conftest.c >&5
configure:6652: $? = 0
configure:6656: /usr/bin/nm -B conftest.o \| sed -n -e 's/^.*[ ]\([ABCDGIRSTW][ABCDGIRSTW]*\)[ ][ ]*\([_A-Za-z][_A-Za-z0-9]*\)$/\1 \2 \2/p' | sed '/ __gnu_lto/d' \> conftest.nm
configure:6659: $? = 0
configure:6725: gcc -o conftest  -O2  -O2  conftest.c conftstm.o >&5
configure:6728: $? = 0
configure:6766: result: ok
configure:6813: checking for sysroot
configure:6843: result: no
configure:6850: checking for a working dd
configure:6888: result: /usr/bin/dd
configure:6892: checking how to truncate binary pipes
configure:6907: result: /usr/bin/dd bs=4096 count=1
configure:7043: gcc -c  -O2  -O2 conftest.c >&5
configure:7046: $? = 0
configure:7236: checking for mt
configure:7266: result: no
configure:7286: checking if : is a manifest tool
configure:7292: : '-?'
configure:7300: result: no
configure:7977: checking how to run the C preprocessor
configure:8008: gcc -E  -O2 conftest.c
configure:8008: $? = 0
configure:8022: gcc -E  -O2 conftest.c
conftest.c:11:28: fatal error: ac_nonexistent.h: No such file or directory
 #include <ac_nonexistent.h>
                            ^
compilation terminated.
configure:8022: $? = 1
configure: failed program was:
| /* confdefs.h */
| #define PACKAGE_NAME "LibHTP"
| #define PACKAGE_TARNAME "libhtp"
| #define PACKAGE_VERSION "0.5.23"
| #define PACKAGE_STRING "LibHTP 0.5.23"
| #define PACKAGE_BUGREPORT ""
| #define PACKAGE_URL ""
| #define PACKAGE "libhtp"
| #define VERSION "0.5.23"
| /* end confdefs.h.  */
| #include <ac_nonexistent.h>
configure:8047: result: gcc -E
configure:8067: gcc -E  -O2 conftest.c
configure:8067: $? = 0
configure:8081: gcc -E  -O2 conftest.c
conftest.c:11:28: fatal error: ac_nonexistent.h: No such file or directory
 #include <ac_nonexistent.h>
                            ^
compilation terminated.
configure:8081: $? = 1
configure: failed program was:
| /* confdefs.h */
| #define PACKAGE_NAME "LibHTP"
| #define PACKAGE_TARNAME "libhtp"
| #define PACKAGE_VERSION "0.5.23"
| #define PACKAGE_STRING "LibHTP 0.5.23"
| #define PACKAGE_BUGREPORT ""
| #define PACKAGE_URL ""
| #define PACKAGE "libhtp"
| #define VERSION "0.5.23"
| /* end confdefs.h.  */
| #include <ac_nonexistent.h>
configure:8110: checking for ANSI C header files
configure:8130: gcc -c  -O2  -O2 conftest.c >&5
configure:8130: $? = 0
configure:8203: gcc -o conftest  -O2  -O2  conftest.c  >&5
configure:8203: $? = 0
configure:8203: ./conftest
configure:8203: $? = 0
configure:8214: result: yes
configure:8227: checking for sys/types.h
configure:8227: gcc -c  -O2  -O2 conftest.c >&5
configure:8227: $? = 0
configure:8227: result: yes
configure:8227: checking for sys/stat.h
configure:8227: gcc -c  -O2  -O2 conftest.c >&5
configure:8227: $? = 0
configure:8227: result: yes
configure:8227: checking for stdlib.h
configure:8227: gcc -c  -O2  -O2 conftest.c >&5
configure:8227: $? = 0
configure:8227: result: yes
configure:8227: checking for string.h
configure:8227: gcc -c  -O2  -O2 conftest.c >&5
configure:8227: $? = 0
configure:8227: result: yes
configure:8227: checking for memory.h
configure:8227: gcc -c  -O2  -O2 conftest.c >&5
configure:8227: $? = 0
configure:8227: result: yes
configure:8227: checking for strings.h
configure:8227: gcc -c  -O2  -O2 conftest.c >&5
configure:8227: $? = 0
configure:8227: result: yes
configure:8227: checking for inttypes.h
configure:8227: gcc -c  -O2  -O2 conftest.c >&5
configure:8227: $? = 0
configure:8227: result: yes
configure:8227: checking for stdint.h
configure:8227: gcc -c  -O2  -O2 conftest.c >&5
configure:8227: $? = 0
configure:8227: result: yes
configure:8227: checking for unistd.h
configure:8227: gcc -c  -O2  -O2 conftest.c >&5
configure:8227: $? = 0
configure:8227: result: yes
configure:8241: checking for dlfcn.h
configure:8241: gcc -c  -O2  -O2 conftest.c >&5
configure:8241: $? = 0
configure:8241: result: yes
configure:8508: checking for objdir
configure:8523: result: .libs
configure:8787: checking if gcc supports -fno-rtti -fno-exceptions
configure:8805: gcc -c  -O2  -O2 -fno-rtti -fno-exceptions conftest.c >&5
cc1: warning: command line option '-fno-rtti' is valid for C++/ObjC++ but not for C [enabled by default]
configure:8809: $? = 0
configure:8822: result: no
configure:9180: checking for gcc option to produce PIC
configure:9187: result: -fPIC -DPIC
configure:9195: checking if gcc PIC flag -fPIC -DPIC works
configure:9213: gcc -c  -O2  -O2 -fPIC -DPIC -DPIC conftest.c >&5
configure:9217: $? = 0
configure:9230: result: yes
configure:9259: checking if gcc static flag -static works
configure:9287: result: no
configure:9302: checking if gcc supports -c -o file.o
configure:9323: gcc -c  -O2  -O2 -o out/conftest2.o conftest.c >&5
configure:9327: $? = 0
configure:9349: result: yes
configure:9357: checking if gcc supports -c -o file.o
configure:9404: result: yes
configure:9437: checking whether the gcc linker (/usr/bin/ld -m elf_x86_64) supports shared libraries
configure:10700: result: yes
configure:10737: checking whether -lc should be explicitly linked in
configure:10745: gcc -c  -O2  -O2 conftest.c >&5
configure:10748: $? = 0
configure:10763: gcc -shared  -fPIC -DPIC conftest.o  -v -Wl,-soname -Wl,conftest -o conftest 2\>\&1 \| /usr/bin/grep  -lc  \>/dev/null 2\>\&1
configure:10766: $? = 0
configure:10780: result: no
configure:10940: checking dynamic linker characteristics
configure:11521: gcc -o conftest  -O2  -O2  -Wl,-rpath -Wl,/foo conftest.c  >&5
configure:11521: $? = 0
configure:11770: result: GNU/Linux ld.so
configure:11892: checking how to hardcode library paths into programs
configure:11917: result: immediate
configure:12465: checking whether stripping libraries is possible
configure:12470: result: yes
configure:12505: checking if libtool supports shared libraries
configure:12507: result: yes
configure:12510: checking whether to build shared libraries
configure:12535: result: yes
configure:12538: checking whether to build static libraries
configure:12542: result: yes
configure:12565: checking how to run the C++ preprocessor
configure:12592: g++ -E  -O2 conftest.cpp
configure:12592: $? = 0
configure:12606: g++ -E  -O2 conftest.cpp
conftest.cpp:23:28: fatal error: ac_nonexistent.h: No such file or directory
 #include <ac_nonexistent.h>
                            ^
compilation terminated.
configure:12606: $? = 1
configure: failed program was:
| /* confdefs.h */
| #define PACKAGE_NAME "LibHTP"
| #define PACKAGE_TARNAME "libhtp"
| #define PACKAGE_VERSION "0.5.23"
| #define PACKAGE_STRING "LibHTP 0.5.23"
| #define PACKAGE_BUGREPORT ""
| #define PACKAGE_URL ""
| #define PACKAGE "libhtp"
| #define VERSION "0.5.23"
| #define STDC_HEADERS 1
| #define HAVE_SYS_TYPES_H 1
| #define HAVE_SYS_STAT_H 1
| #define HAVE_STDLIB_H 1
| #define HAVE_STRING_H 1
| #define HAVE_MEMORY_H 1
| #define HAVE_STRINGS_H 1
| #define HAVE_INTTYPES_H 1
| #define HAVE_STDINT_H 1
| #define HAVE_UNISTD_H 1
| #define HAVE_DLFCN_H 1
| #define LT_OBJDIR ".libs/"
| /* end confdefs.h.  */
| #include <ac_nonexistent.h>
configure:12631: result: g++ -E
configure:12651: g++ -E  -O2 conftest.cpp
configure:12651: $? = 0
configure:12665: g++ -E  -O2 conftest.cpp
conftest.cpp:23:28: fatal error: ac_nonexistent.h: No such file or directory
 #include <ac_nonexistent.h>
                            ^
compilation terminated.
configure:12665: $? = 1
configure: failed program was:
| /* confdefs.h */
| #define PACKAGE_NAME "LibHTP"
| #define PACKAGE_TARNAME "libhtp"
| #define PACKAGE_VERSION "0.5.23"
| #define PACKAGE_STRING "LibHTP 0.5.23"
| #define PACKAGE_BUGREPORT ""
| #define PACKAGE_URL ""
| #define PACKAGE "libhtp"
| #define VERSION "0.5.23"
| #define STDC_HEADERS 1
| #define HAVE_SYS_TYPES_H 1
| #define HAVE_SYS_STAT_H 1
| #define HAVE_STDLIB_H 1
| #define HAVE_STRING_H 1
| #define HAVE_MEMORY_H 1
| #define HAVE_STRINGS_H 1
| #define HAVE_INTTYPES_H 1
| #define HAVE_STDINT_H 1
| #define HAVE_UNISTD_H 1
| #define HAVE_DLFCN_H 1
| #define LT_OBJDIR ".libs/"
| /* end confdefs.h.  */
| #include <ac_nonexistent.h>
configure:12827: checking for ld used by g++
configure:12894: result: /usr/bin/ld -m elf_x86_64
configure:12901: checking if the linker (/usr/bin/ld -m elf_x86_64) is GNU ld
configure:12916: result: yes
configure:12971: checking whether the g++ linker (/usr/bin/ld -m elf_x86_64) supports shared libraries
configure:14044: result: yes
configure:14080: g++ -c -g -O2  -O2 conftest.cpp >&5
configure:14083: $? = 0
configure:14564: checking for g++ option to produce PIC
configure:14571: result: -fPIC -DPIC
configure:14579: checking if g++ PIC flag -fPIC -DPIC works
configure:14597: g++ -c -g -O2  -O2 -fPIC -DPIC -DPIC conftest.cpp >&5
configure:14601: $? = 0
configure:14614: result: yes
configure:14637: checking if g++ static flag -static works
configure:14665: result: no
configure:14677: checking if g++ supports -c -o file.o
configure:14698: g++ -c -g -O2  -O2 -o out/conftest2.o conftest.cpp >&5
configure:14702: $? = 0
configure:14724: result: yes
configure:14729: checking if g++ supports -c -o file.o
configure:14776: result: yes
configure:14806: checking whether the g++ linker (/usr/bin/ld -m elf_x86_64) supports shared libraries
configure:14849: result: yes
configure:14990: checking dynamic linker characteristics
configure:15747: result: GNU/Linux ld.so
configure:15812: checking how to hardcode library paths into programs
configure:15837: result: immediate
configure:15898: checking whether build environment is sane
configure:15953: result: yes
configure:15973: checking for strlcpy
configure:15973: gcc -o conftest   -O2  conftest.c  >&5
/tmp/ccqoflCn.o: In function `main':
conftest.c:(.text.startup+0x7): undefined reference to `strlcpy'
collect2: error: ld returned 1 exit status
configure:15973: $? = 1
configure: failed program was:
| /* confdefs.h */
| #define PACKAGE_NAME "LibHTP"
| #define PACKAGE_TARNAME "libhtp"
| #define PACKAGE_VERSION "0.5.23"
| #define PACKAGE_STRING "LibHTP 0.5.23"
| #define PACKAGE_BUGREPORT ""
| #define PACKAGE_URL ""
| #define PACKAGE "libhtp"
| #define VERSION "0.5.23"
| #define STDC_HEADERS 1
| #define HAVE_SYS_TYPES_H 1
| #define HAVE_SYS_STAT_H 1
| #define HAVE_STDLIB_H 1
| #define HAVE_STRING_H 1
| #define HAVE_MEMORY_H 1
| #define HAVE_STRINGS_H 1
| #define HAVE_INTTYPES_H 1
| #define HAVE_STDINT_H 1
| #define HAVE_UNISTD_H 1
| #define HAVE_DLFCN_H 1
| #define LT_OBJDIR ".libs/"
| /* end confdefs.h.  */
| /* Define strlcpy to an innocuous variant, in case <limits.h> declares strlcpy.
|    For example, HP-UX 11i <limits.h> declares gettimeofday.  */
| #define strlcpy innocuous_strlcpy
| 
| /* System header to define __stub macros and hopefully few prototypes,
|     which can conflict with char strlcpy (); below.
|     Prefer <limits.h> to <assert.h> if __STDC__ is defined, since
|     <limits.h> exists even on freestanding compilers.  */
| 
| #ifdef __STDC__
| # include <limits.h>
| #else
| # include <assert.h>
| #endif
| 
| #undef strlcpy
| 
| /* Override any GCC internal prototype to avoid an error.
|    Use char because int might match the return type of a GCC
|    builtin and then its argument prototype would still apply.  */
| #ifdef __cplusplus
| extern "C"
| #endif
| char strlcpy ();
| /* The GNU C library defines this for functions which it implements
|     to always fail with ENOSYS.  Some functions are actually named
|     something starting with __ and the normal name is an alias.  */
| #if defined __stub_strlcpy || defined __stub___strlcpy
| choke me
| #endif
| 
| int
| main ()
| {
| return strlcpy ();
|   ;
|   return 0;
| }
configure:15973: result: no
configure:15973: checking for strlcat
configure:15973: gcc -o conftest   -O2  conftest.c  >&5
/tmp/ccmLo4tp.o: In function `main':
conftest.c:(.text.startup+0x7): undefined reference to `strlcat'
collect2: error: ld returned 1 exit status
configure:15973: $? = 1
configure: failed program was:
| /* confdefs.h */
| #define PACKAGE_NAME "LibHTP"
| #define PACKAGE_TARNAME "libhtp"
| #define PACKAGE_VERSION "0.5.23"
| #define PACKAGE_STRING "LibHTP 0.5.23"
| #define PACKAGE_BUGREPORT ""
| #define PACKAGE_URL ""
| #define PACKAGE "libhtp"
| #define VERSION "0.5.23"
| #define STDC_HEADERS 1
| #define HAVE_SYS_TYPES_H 1
| #define HAVE_SYS_STAT_H 1
| #define HAVE_STDLIB_H 1
| #define HAVE_STRING_H 1
| #define HAVE_MEMORY_H 1
| #define HAVE_STRINGS_H 1
| #define HAVE_INTTYPES_H 1
| #define HAVE_STDINT_H 1
| #define HAVE_UNISTD_H 1
| #define HAVE_DLFCN_H 1
| #define LT_OBJDIR ".libs/"
| /* end confdefs.h.  */
| /* Define strlcat to an innocuous variant, in case <limits.h> declares strlcat.
|    For example, HP-UX 11i <limits.h> declares gettimeofday.  */
| #define strlcat innocuous_strlcat
| 
| /* System header to define __stub macros and hopefully few prototypes,
|     which can conflict with char strlcat (); below.
|     Prefer <limits.h> to <assert.h> if __STDC__ is defined, since
|     <limits.h> exists even on freestanding compilers.  */
| 
| #ifdef __STDC__
| # include <limits.h>
| #else
| # include <assert.h>
| #endif
| 
| #undef strlcat
| 
| /* Override any GCC internal prototype to avoid an error.
|    Use char because int might match the return type of a GCC
|    builtin and then its argument prototype would still apply.  */
| #ifdef __cplusplus
| extern "C"
| #endif
| char strlcat ();
| /* The GNU C library defines this for functions which it implements
|     to always fail with ENOSYS.  Some functions are actually named
|     something starting with __ and the normal name is an alias.  */
| #if defined __stub_strlcat || defined __stub___strlcat
| choke me
| #endif
| 
| int
| main ()
| {
| return strlcat ();
|   ;
|   return 0;
| }
configure:15973: result: no
configure:15984: checking zlib.h usability
configure:15984: gcc -c  -O2  -O2 conftest.c >&5
configure:15984: $? = 0
configure:15984: result: yes
configure:15984: checking zlib.h presence
configure:15984: gcc -E  -O2 conftest.c
configure:15984: $? = 0
configure:15984: result: yes
configure:15984: checking for zlib.h
configure:15984: result: yes
configure:15993: checking for inflate in -lz
configure:16018: gcc -o conftest  -O2  -O2  conftest.c -lz   >&5
configure:16018: $? = 0
configure:16027: result: yes
configure:16048: checking OS
configure:16073: result: Linux
configure:16172: checking for ld used by GCC
configure:16236: result: /usr/bin/ld -m elf_x86_64
configure:16243: checking if the linker (/usr/bin/ld -m elf_x86_64) is GNU ld
configure:16256: result: yes
configure:16263: checking for shared library run path origin
configure:16276: result: done
configure:16854: checking for iconv
configure:16876: gcc -o conftest  -O2  -O2  conftest.c -lz  >&5
configure:16876: $? = 0
configure:16908: result: yes
configure:16911: checking for working iconv
configure:17006: gcc -o conftest  -O2  -O2  conftest.c -lz  >&5
configure:17006: $? = 0
configure:17006: ./conftest
configure:17006: $? = 0
configure:17018: result: yes
configure:17046: checking for iconv declaration
configure:17075: gcc -c  -O2  -O2 conftest.c >&5
configure:17075: $? = 0
configure:17086: result:
         extern size_t iconv (iconv_t cd, char * *inbuf, size_t *inbytesleft, char * *outbuf, size_t *outbytesleft);
configure:17098: checking for gcc support of -Wstrict-overflow=1
configure:17113: gcc -c  -O2 -Wstrict-overflow=1  -O2 conftest.c >&5
configure:17113: $? = 0
configure:17119: result: yes
configure:17126: checking for gcc support of stack smashing protection
configure:17141: gcc -c  -O2 -Wstrict-overflow=1 -fstack-protector  -O2 conftest.c >&5
configure:17141: $? = 0
configure:17147: result: yes
configure:17154: checking for gcc support of FORTIFY_SOURCE
configure:17169: gcc -c  -O2 -Wstrict-overflow=1 -fstack-protector -D_FORTIFY_SOURCE=2  -O2 conftest.c >&5
configure:17169: $? = 0
configure:17175: result: yes
configure:17181: checking for gcc support of -Wformat -Wformat-security
configure:17196: gcc -c  -O2 -Wstrict-overflow=1 -fstack-protector -D_FORTIFY_SOURCE=2 -Wformat -Wformat-security  -O2 conftest.c >&5
configure:17196: $? = 0
configure:17202: result: yes
configure:17208: checking for gcc support of -fPIC
configure:17223: gcc -c  -O2 -Wstrict-overflow=1 -fstack-protector -D_FORTIFY_SOURCE=2 -Wformat -Wformat-security -fPIC  -O2 conftest.c >&5
configure:17223: $? = 0
configure:17229: result: yes
configure:17252: checking for doxygen
configure:17270: found /usr/bin/doxygen
configure:17282: result: /usr/bin/doxygen
configure:17300: checking for lcov
configure:17318: found /usr/bin/lcov
configure:17331: result: /usr/bin/lcov
configure:17455: checking that generated files are newer than configure
configure:17461: result: done
configure:17483: checking that generated files are newer than configure
configure:17489: result: done
configure:17496: creating ./config.status

## ---------------------- ##
## Running config.status. ##
## ---------------------- ##

This file was extended by LibHTP config.status 0.5.23, which was
generated by GNU Autoconf 2.69.  Invocation command line was

  CONFIG_FILES    = 
  CONFIG_HEADERS  = 
  CONFIG_LINKS    = 
  CONFIG_COMMANDS = 
  $ ./config.status 

on vmware

config.status:1165: creating htp/htp_version.h
config.status:1165: creating Makefile
config.status:1165: creating htp.pc
config.status:1165: creating htp/Makefile
config.status:1165: creating test/Makefile
config.status:1165: creating docs/Makefile
config.status:1165: creating htp_config_auto_gen.h
config.status:1346: htp_config_auto_gen.h is unchanged
config.status:1394: executing depfiles commands
config.status:1394: executing libtool commands

## ---------------- ##
## Cache variables. ##
## ---------------- ##

ac_cv_build=x86_64-pc-linux-gnu
ac_cv_c_compiler_gnu=yes
ac_cv_cxx_compiler_gnu=yes
ac_cv_env_CCC_set=
ac_cv_env_CCC_value=
ac_cv_env_CC_set=
ac_cv_env_CC_value=
ac_cv_env_CFLAGS_set=
ac_cv_env_CFLAGS_value=
ac_cv_env_CPPFLAGS_set=
ac_cv_env_CPPFLAGS_value=
ac_cv_env_CPP_set=
ac_cv_env_CPP_value=
ac_cv_env_CXXCPP_set=
ac_cv_env_CXXCPP_value=
ac_cv_env_CXXFLAGS_set=
ac_cv_env_CXXFLAGS_value=
ac_cv_env_CXX_set=
ac_cv_env_CXX_value=
ac_cv_env_LDFLAGS_set=
ac_cv_env_LDFLAGS_value=
ac_cv_env_LIBS_set=
ac_cv_env_LIBS_value=
ac_cv_env_LT_SYS_LIBRARY_PATH_set=
ac_cv_env_LT_SYS_LIBRARY_PATH_value=
ac_cv_env_build_alias_set=
ac_cv_env_build_alias_value=
ac_cv_env_host_alias_set=
ac_cv_env_host_alias_value=
ac_cv_env_target_alias_set=
ac_cv_env_target_alias_value=
ac_cv_func_strlcat=no
ac_cv_func_strlcpy=no
ac_cv_header_dlfcn_h=yes
ac_cv_header_inttypes_h=yes
ac_cv_header_memory_h=yes
ac_cv_header_stdc=yes
ac_cv_header_stdint_h=yes
ac_cv_header_stdlib_h=yes
ac_cv_header_string_h=yes
ac_cv_header_strings_h=yes
ac_cv_header_sys_stat_h=yes
ac_cv_header_sys_types_h=yes
ac_cv_header_unistd_h=yes
ac_cv_header_zlib_h=yes
ac_cv_host=x86_64-pc-linux-gnu
ac_cv_lib_z_inflate=yes
ac_cv_objext=o
ac_cv_path_EGREP='/usr/bin/grep -E'
ac_cv_path_FGREP='/usr/bin/grep -F'
ac_cv_path_GREP=/usr/bin/grep
ac_cv_path_LCOV=/usr/bin/lcov
ac_cv_path_SED=/usr/bin/sed
ac_cv_path_doxygen=/usr/bin/doxygen
ac_cv_path_install='/usr/bin/install -c'
ac_cv_path_lt_DD=/usr/bin/dd
ac_cv_path_mkdir=/usr/bin/mkdir
ac_cv_prog_AWK=gawk
ac_cv_prog_CPP='gcc -E'
ac_cv_prog_CXXCPP='g++ -E'
ac_cv_prog_ac_ct_AR=ar
ac_cv_prog_ac_ct_CC=gcc
ac_cv_prog_ac_ct_CXX=g++
ac_cv_prog_ac_ct_OBJDUMP=objdump
ac_cv_prog_ac_ct_RANLIB=ranlib
ac_cv_prog_ac_ct_STRIP=strip
ac_cv_prog_cc_c89=
ac_cv_prog_cc_g=yes
ac_cv_prog_cxx_g=yes
ac_cv_prog_make_make_set=yes
acl_cv_path_LD='/usr/bin/ld -m elf_x86_64'
acl_cv_prog_gnu_ld=yes
acl_cv_rpath=done
am_cv_CC_dependencies_compiler_type=gcc3
am_cv_CXX_dependencies_compiler_type=gcc3
am_cv_func_iconv=yes
am_cv_func_iconv_works=yes
am_cv_lib_iconv=no
am_cv_make_support_nested_variables=yes
am_cv_prog_cc_c_o=yes
am_cv_proto_iconv='extern size_t iconv (iconv_t cd, char * *inbuf, size_t *inbytesleft, char * *outbuf, size_t *outbytesleft);'
am_cv_proto_iconv_arg1=
lt_cv_ar_at_file=@
lt_cv_archive_cmds_need_lc=no
lt_cv_deplibs_check_method=pass_all
lt_cv_file_magic_cmd='$MAGIC_CMD'
lt_cv_file_magic_test_file=
lt_cv_ld_reload_flag=-r
lt_cv_nm_interface='BSD nm'
lt_cv_objdir=.libs
lt_cv_path_LD=/usr/bin/ld
lt_cv_path_LDCXX='/usr/bin/ld -m elf_x86_64'
lt_cv_path_NM='/usr/bin/nm -B'
lt_cv_path_mainfest_tool=no
lt_cv_prog_compiler_c_o=yes
lt_cv_prog_compiler_c_o_CXX=yes
lt_cv_prog_compiler_pic='-fPIC -DPIC'
lt_cv_prog_compiler_pic_CXX='-fPIC -DPIC'
lt_cv_prog_compiler_pic_works=yes
lt_cv_prog_compiler_pic_works_CXX=yes
lt_cv_prog_compiler_rtti_exceptions=no
lt_cv_prog_compiler_static_works=no
lt_cv_prog_compiler_static_works_CXX=no
lt_cv_prog_gnu_ld=yes
lt_cv_prog_gnu_ldcxx=yes
lt_cv_sharedlib_from_linklib_cmd='printf %s\n'
lt_cv_shlibpath_overrides_runpath=no
lt_cv_sys_global_symbol_pipe='sed -n -e '\''s/^.*[	 ]\([ABCDGIRSTW][ABCDGIRSTW]*\)[	 ][	 ]*\([_A-Za-z][_A-Za-z0-9]*\)$/\1 \2 \2/p'\'' | sed '\''/ __gnu_lto/d'\'''
lt_cv_sys_global_symbol_to_c_name_address='sed -n -e '\''s/^: \(.*\) .*$/  {"\1", (void *) 0},/p'\'' -e '\''s/^[ABCDGIRSTW][ABCDGIRSTW]* .* \(.*\)$/  {"\1", (void *) \&\1},/p'\'''
lt_cv_sys_global_symbol_to_c_name_address_lib_prefix='sed -n -e '\''s/^: \(.*\) .*$/  {"\1", (void *) 0},/p'\'' -e '\''s/^[ABCDGIRSTW][ABCDGIRSTW]* .* \(lib.*\)$/  {"\1", (void *) \&\1},/p'\'' -e '\''s/^[ABCDGIRSTW][ABCDGIRSTW]* .* \(.*\)$/  {"lib\1", (void *) \&\1},/p'\'''
lt_cv_sys_global_symbol_to_cdecl='sed -n -e '\''s/^T .* \(.*\)$/extern int \1();/p'\'' -e '\''s/^[ABCDGIRSTW][ABCDGIRSTW]* .* \(.*\)$/extern char \1;/p'\'''
lt_cv_sys_global_symbol_to_import=
lt_cv_sys_max_cmd_len=1572864
lt_cv_to_host_file_cmd=func_convert_file_noop
lt_cv_to_tool_file_cmd=func_convert_file_noop
lt_cv_truncate_bin='/usr/bin/dd bs=4096 count=1'

## ----------------- ##
## Output variables. ##
## ----------------- ##

ACLOCAL='${SHELL} /root/work/github/suricata/suricata-3.2.1-dpdk/libhtp/missing aclocal-1.15'
AMDEPBACKSLASH='\'
AMDEP_FALSE='#'
AMDEP_TRUE=''
AMTAR='$${TAR-tar}'
AM_BACKSLASH='\'
AM_DEFAULT_V='$(AM_DEFAULT_VERBOSITY)'
AM_DEFAULT_VERBOSITY='1'
AM_V='$(V)'
AR='ar'
AUTOCONF='${SHELL} /root/work/github/suricata/suricata-3.2.1-dpdk/libhtp/missing autoconf'
AUTOHEADER='${SHELL} /root/work/github/suricata/suricata-3.2.1-dpdk/libhtp/missing autoheader'
AUTOMAKE='${SHELL} /root/work/github/suricata/suricata-3.2.1-dpdk/libhtp/missing automake-1.15'
AWK='gawk'
CC='gcc'
CCDEPMODE='depmode=gcc3'
CFLAGS=' -O2 -Wstrict-overflow=1 -fstack-protector -D_FORTIFY_SOURCE=2 -Wformat -Wformat-security -fPIC'
CPP='gcc -E'
CPPFLAGS=' -O2'
CXX='g++'
CXXCPP='g++ -E'
CXXDEPMODE='depmode=gcc3'
CXXFLAGS='-g -O2'
CYGPATH_W='echo'
DEFS='-DHAVE_CONFIG_H'
DEPDIR='.deps'
DLLTOOL='false'
DOXYGEN='/usr/bin/doxygen'
DSYMUTIL=''
DUMPBIN=''
ECHO_C=''
ECHO_N='-n'
ECHO_T=''
EGREP='/usr/bin/grep -E'
EXEEXT=''
FGREP='/usr/bin/grep -F'
GENERIC_API_VERSION='1.0'
GENERIC_LIBRARY_NAME='htp'
GENERIC_LIBRARY_VERSION='1:0:0'
GENERIC_RELEASE='0.5.23'
GENERIC_VERSION='0.5.23'
GREP='/usr/bin/grep'
INSTALL_DATA='${INSTALL} -m 644'
INSTALL_PROGRAM='${INSTALL}'
INSTALL_SCRIPT='${INSTALL}'
INSTALL_STRIP_PROGRAM='$(install_sh) -c -s'
LCOV='/usr/bin/lcov'
LD='/usr/bin/ld -m elf_x86_64'
LDFLAGS=''
LIBICONV=''
LIBOBJS=''
LIBS='-lz '
LIBTOOL='$(SHELL) $(top_builddir)/libtool'
LIPO=''
LN_S='ln -s'
LTLIBICONV=''
LTLIBOBJS=''
LT_SYS_LIBRARY_PATH=''
MAKEINFO='${SHELL} /root/work/github/suricata/suricata-3.2.1-dpdk/libhtp/missing makeinfo'
MANIFEST_TOOL=':'
MKDIR_P='/usr/bin/mkdir -p'
NM='/usr/bin/nm -B'
NMEDIT=''
OBJDUMP='objdump'
OBJEXT='o'
OTOOL64=''
OTOOL=''
PACKAGE='htp'
PACKAGE_BUGREPORT=''
PACKAGE_NAME='LibHTP'
PACKAGE_STRING='LibHTP 0.5.23'
PACKAGE_TARNAME='libhtp'
PACKAGE_URL=''
PACKAGE_VERSION='0.5.23'
PATH_SEPARATOR=':'
RANLIB='ranlib'
SED='/usr/bin/sed'
SET_MAKE=''
SHELL='/bin/sh'
STRIP='strip'
VERSION='0.5.23'
ac_ct_AR='ar'
ac_ct_CC='gcc'
ac_ct_CXX='g++'
ac_ct_DUMPBIN=''
am__EXEEXT_FALSE=''
am__EXEEXT_TRUE='#'
am__fastdepCC_FALSE='#'
am__fastdepCC_TRUE=''
am__fastdepCXX_FALSE='#'
am__fastdepCXX_TRUE=''
am__include='include'
am__isrc=''
am__leading_dot='.'
am__nodep='_no'
am__quote=''
am__tar='$${TAR-tar} chof - "$$tardir"'
am__untar='$${TAR-tar} xf -'
bindir='${exec_prefix}/bin'
build='x86_64-pc-linux-gnu'
build_alias=''
build_cpu='x86_64'
build_os='linux-gnu'
build_vendor='pc'
datadir='${datarootdir}'
datarootdir='${prefix}/share'
docdir='${datarootdir}/doc/${PACKAGE_TARNAME}'
doxygen='/usr/bin/doxygen'
dvidir='${docdir}'
exec_prefix='${prefix}'
host='x86_64-pc-linux-gnu'
host_alias=''
host_cpu='x86_64'
host_os='linux-gnu'
host_vendor='pc'
htmldir='${docdir}'
includedir='${prefix}/include'
infodir='${datarootdir}/info'
install_sh='${SHELL} /root/work/github/suricata/suricata-3.2.1-dpdk/libhtp/install-sh'
libdir='${exec_prefix}/lib'
libexecdir='${exec_prefix}/libexec'
localedir='${datarootdir}/locale'
localstatedir='${prefix}/var'
mandir='${datarootdir}/man'
mkdir_p='$(MKDIR_P)'
oldincludedir='/usr/include'
pdfdir='${docdir}'
prefix='/usr/local'
program_transform_name='s,x,x,'
psdir='${docdir}'
runstatedir='${localstatedir}/run'
sbindir='${exec_prefix}/sbin'
sharedstatedir='${prefix}/com'
sysconfdir='${prefix}/etc'
target_alias=''

## ----------- ##
## confdefs.h. ##
## ----------- ##

/* confdefs.h */
#define PACKAGE_NAME "LibHTP"
#define PACKAGE_TARNAME "libhtp"
#define PACKAGE_VERSION "0.5.23"
#define PACKAGE_STRING "LibHTP 0.5.23"
#define PACKAGE_BUGREPORT ""
#define PACKAGE_URL ""
#define PACKAGE "libhtp"
#define VERSION "0.5.23"
#define STDC_HEADERS 1
#define HAVE_SYS_TYPES_H 1
#define HAVE_SYS_STAT_H 1
#define HAVE_STDLIB_H 1
#define HAVE_STRING_H 1
#define HAVE_MEMORY_H 1
#define HAVE_STRINGS_H 1
#define HAVE_INTTYPES_H 1
#define HAVE_STDINT_H 1
#define HAVE_UNISTD_H 1
#define HAVE_DLFCN_H 1
#define LT_OBJDIR ".libs/"
#define HAVE_LIBZ 1
#define HAVE_ICONV 1
#define ICONV_CONST 

configure: exit 0
